\BOOKMARK [0][-]{chapter.1}{Introduction}{}% 1
\BOOKMARK [1][-]{section.1.1}{Purpose}{chapter.1}% 2
\BOOKMARK [1][-]{section.1.2}{What are GitHub APPs?}{chapter.1}% 3
\BOOKMARK [1][-]{section.1.3}{Product Scope}{chapter.1}% 4
\BOOKMARK [1][-]{section.1.4}{Def., Acronyms and Abbr.}{chapter.1}% 5
\BOOKMARK [1][-]{section.1.5}{Overview of The Document}{chapter.1}% 6
\BOOKMARK [0][-]{chapter.2}{Overall Description}{}% 7
\BOOKMARK [1][-]{section.2.1}{Product Perspective}{chapter.2}% 8
\BOOKMARK [1][-]{section.2.2}{Product Functions}{chapter.2}% 9
\BOOKMARK [1][-]{section.2.3}{User Characteristic}{chapter.2}% 10
\BOOKMARK [2][-]{subsection.2.3.1}{For Owner}{section.2.3}% 11
\BOOKMARK [2][-]{subsection.2.3.2}{For Collaborator}{section.2.3}% 12
\BOOKMARK [1][-]{section.2.4}{Operating Environment}{chapter.2}% 13
\BOOKMARK [1][-]{section.2.5}{Design And Implementation Constraints}{chapter.2}% 14
\BOOKMARK [1][-]{section.2.6}{Assumptions And Dependencies}{chapter.2}% 15
\BOOKMARK [2][-]{subsection.2.6.1}{Assumptions}{section.2.6}% 16
\BOOKMARK [2][-]{subsection.2.6.2}{Dependencies}{section.2.6}% 17
\BOOKMARK [0][-]{chapter.3}{Interface Requirements}{}% 18
\BOOKMARK [1][-]{section.3.1}{User Interfaces}{chapter.3}% 19
\BOOKMARK [1][-]{section.3.2}{Hardware Interfaces}{chapter.3}% 20
\BOOKMARK [1][-]{section.3.3}{Software Interfaces}{chapter.3}% 21
\BOOKMARK [1][-]{section.3.4}{Communication Interfaces}{chapter.3}% 22
\BOOKMARK [0][-]{chapter.4}{Requirements}{}% 23
\BOOKMARK [1][-]{section.4.1}{User Requirements}{chapter.4}% 24
\BOOKMARK [2][-]{subsection.4.1.1}{Functional User Requirement}{section.4.1}% 25
\BOOKMARK [2][-]{subsection.4.1.2}{Non-Functional User Requirement}{section.4.1}% 26
\BOOKMARK [1][-]{section.4.2}{System Requirements}{chapter.4}% 27
\BOOKMARK [2][-]{subsection.4.2.1}{Functional System Requirement}{section.4.2}% 28
\BOOKMARK [2][-]{subsection.4.2.2}{Non-Functional System Requirement}{section.4.2}% 29
\BOOKMARK [0][-]{chapter.5}{System Models}{}% 30
\BOOKMARK [1][-]{section.5.1}{Use Case Diagram}{chapter.5}% 31
\BOOKMARK [1][-]{section.5.2}{Activity Diagram}{chapter.5}% 32
\BOOKMARK [1][-]{section.5.3}{Sequence Diagram}{chapter.5}% 33
\BOOKMARK [1][-]{section.5.4}{Class Diagram}{chapter.5}% 34
\BOOKMARK [0][-]{chapter.6}{System Architecture}{}% 35
\BOOKMARK [1][-]{section.6.1}{TypeScript}{chapter.6}% 36
\BOOKMARK [1][-]{section.6.2}{mLab}{chapter.6}% 37
\BOOKMARK [1][-]{section.6.3}{MongoDB}{chapter.6}% 38
\BOOKMARK [1][-]{section.6.4}{Express}{chapter.6}% 39
\BOOKMARK [1][-]{section.6.5}{React}{chapter.6}% 40
\BOOKMARK [1][-]{section.6.6}{NodeJs}{chapter.6}% 41
\BOOKMARK [1][-]{section.6.7}{Heroku}{chapter.6}% 42
\BOOKMARK [0][-]{appendix.A}{Figures}{}% 43
