This is pdfTeX, Version 3.14159265-2.6-1.40.18 (MiKTeX 2.9.6350 64-bit) (preloaded format=pdflatex 2017.9.14)  28 OCT 2018 11:26
entering extended mode
**./gitgroup_srs.tex
(gitgroup_srs.tex
LaTeX2e <2017-04-15>
Babel <3.10> and hyphenation patterns for 75 language(s) loaded.
("C:\Program Files\MiKTeX 2.9\tex\latex\base\report.cls"
Document Class: report 2014/09/29 v1.4h Standard LaTeX document class
("C:\Program Files\MiKTeX 2.9\tex\latex\base\size12.clo"
File: size12.clo 2014/09/29 v1.4h Standard LaTeX file (size option)
)
\c@part=\count79
\c@chapter=\count80
\c@section=\count81
\c@subsection=\count82
\c@subsubsection=\count83
\c@paragraph=\count84
\c@subparagraph=\count85
\c@figure=\count86
\c@table=\count87
\abovecaptionskip=\skip41
\belowcaptionskip=\skip42
\bibindent=\dimen102
)
("C:\Program Files\MiKTeX 2.9\tex\latex\base\inputenc.sty"
Package: inputenc 2015/03/17 v1.2c Input encoding file
\inpenc@prehook=\toks14
\inpenc@posthook=\toks15

("C:\Program Files\MiKTeX 2.9\tex\latex\base\latin1.def"
File: latin1.def 2015/03/17 v1.2c Input encoding file
))
("C:\Program Files\MiKTeX 2.9\tex\latex\amsmath\amsmath.sty"
Package: amsmath 2016/11/05 v2.16a AMS math features
\@mathmargin=\skip43

For additional information on amsmath, use the `?' option.
("C:\Program Files\MiKTeX 2.9\tex\latex\amsmath\amstext.sty"
Package: amstext 2000/06/29 v2.01 AMS text

("C:\Program Files\MiKTeX 2.9\tex\latex\amsmath\amsgen.sty"
File: amsgen.sty 1999/11/30 v2.0 generic functions
\@emptytoks=\toks16
\ex@=\dimen103
))
("C:\Program Files\MiKTeX 2.9\tex\latex\amsmath\amsbsy.sty"
Package: amsbsy 1999/11/29 v1.2d Bold Symbols
\pmbraise@=\dimen104
)
("C:\Program Files\MiKTeX 2.9\tex\latex\amsmath\amsopn.sty"
Package: amsopn 2016/03/08 v2.02 operator names
)
\inf@bad=\count88
LaTeX Info: Redefining \frac on input line 213.
\uproot@=\count89
\leftroot@=\count90
LaTeX Info: Redefining \overline on input line 375.
\classnum@=\count91
\DOTSCASE@=\count92
LaTeX Info: Redefining \ldots on input line 472.
LaTeX Info: Redefining \dots on input line 475.
LaTeX Info: Redefining \cdots on input line 596.
\Mathstrutbox@=\box26
\strutbox@=\box27
\big@size=\dimen105
LaTeX Font Info:    Redeclaring font encoding OML on input line 712.
LaTeX Font Info:    Redeclaring font encoding OMS on input line 713.
\macc@depth=\count93
\c@MaxMatrixCols=\count94
\dotsspace@=\muskip10
\c@parentequation=\count95
\dspbrk@lvl=\count96
\tag@help=\toks17
\row@=\count97
\column@=\count98
\maxfields@=\count99
\andhelp@=\toks18
\eqnshift@=\dimen106
\alignsep@=\dimen107
\tagshift@=\dimen108
\tagwidth@=\dimen109
\totwidth@=\dimen110
\lineht@=\dimen111
\@envbody=\toks19
\multlinegap=\skip44
\multlinetaggap=\skip45
\mathdisplay@stack=\toks20
LaTeX Info: Redefining \[ on input line 2817.
LaTeX Info: Redefining \] on input line 2818.
)
("C:\Program Files\MiKTeX 2.9\tex\latex\amsfonts\amsfonts.sty"
Package: amsfonts 2013/01/14 v3.01 Basic AMSFonts support
\symAMSa=\mathgroup4
\symAMSb=\mathgroup5
LaTeX Font Info:    Overwriting math alphabet `\mathfrak' in version `bold'
(Font)                  U/euf/m/n --> U/euf/b/n on input line 106.
)
("C:\Program Files\MiKTeX 2.9\tex\latex\amsfonts\amssymb.sty"
Package: amssymb 2013/01/14 v3.01 AMS font symbols
)
("C:\Program Files\MiKTeX 2.9\tex\latex\preprint\fullpage.sty"
Package: fullpage 1999/02/23 1.1 (PWD)
\FP@margin=\skip46
)
("C:\Program Files\MiKTeX 2.9\tex\latex\titlepic\titlepic.sty"
Package: titlepic 2017/03/14 1.2 Package to display a picture on the title page

)
("C:\Program Files\MiKTeX 2.9\tex\latex\graphics\graphicx.sty"
Package: graphicx 2014/10/28 v1.0g Enhanced LaTeX Graphics (DPC,SPQR)

("C:\Program Files\MiKTeX 2.9\tex\latex\graphics\keyval.sty"
Package: keyval 2014/10/28 v1.15 key=value parser (DPC)
\KV@toks@=\toks21
)
("C:\Program Files\MiKTeX 2.9\tex\latex\graphics\graphics.sty"
Package: graphics 2017/04/14 v1.1b Standard LaTeX Graphics (DPC,SPQR)

("C:\Program Files\MiKTeX 2.9\tex\latex\graphics\trig.sty"
Package: trig 2016/01/03 v1.10 sin cos tan (DPC)
)
("C:\Program Files\MiKTeX 2.9\tex\latex\graphics-cfg\graphics.cfg"
File: graphics.cfg 2016/06/04 v1.11 sample graphics configuration
)
Package graphics Info: Driver file: pdftex.def on input line 99.

("C:\Program Files\MiKTeX 2.9\tex\latex\graphics-def\pdftex.def"
File: pdftex.def 2017/01/12 v0.06k Graphics/color for pdfTeX

("C:\Program Files\MiKTeX 2.9\tex\generic\oberdiek\infwarerr.sty"
Package: infwarerr 2016/05/16 v1.4 Providing info/warning/error messages (HO)
)
("C:\Program Files\MiKTeX 2.9\tex\generic\oberdiek\ltxcmds.sty"
Package: ltxcmds 2016/05/16 v1.23 LaTeX kernel commands for general use (HO)
)
\Gread@gobject=\count100
))
\Gin@req@height=\dimen112
\Gin@req@width=\dimen113
)
("C:\Program Files\MiKTeX 2.9\tex\latex\float\float.sty"
Package: float 2001/11/08 v1.3d Float enhancements (AL)
\c@float@type=\count101
\float@exts=\toks22
\float@box=\box28
\@float@everytoks=\toks23
\@floatcapt=\box29
)
("C:\Program Files\MiKTeX 2.9\tex\latex\fancyhdr\fancyhdr.sty"
Package: fancyhdr 2017/06/30 v3.9a Extensive control of page headers and footer
s
\f@nch@headwidth=\skip47
\f@nch@O@elh=\skip48
\f@nch@O@erh=\skip49
\f@nch@O@olh=\skip50
\f@nch@O@orh=\skip51
\f@nch@O@elf=\skip52
\f@nch@O@erf=\skip53
\f@nch@O@olf=\skip54
\f@nch@O@orf=\skip55
)
("C:\Program Files\MiKTeX 2.9\tex\latex\geometry\geometry.sty"
Package: geometry 2010/09/12 v5.6 Page Geometry

("C:\Program Files\MiKTeX 2.9\tex\generic\oberdiek\ifpdf.sty"
Package: ifpdf 2017/03/15 v3.2 Provides the ifpdf switch
)
("C:\Program Files\MiKTeX 2.9\tex\generic\oberdiek\ifvtex.sty"
Package: ifvtex 2016/05/16 v1.6 Detect VTeX and its facilities (HO)
Package ifvtex Info: VTeX not detected.
)
("C:\Program Files\MiKTeX 2.9\tex\generic\ifxetex\ifxetex.sty"
Package: ifxetex 2010/09/12 v0.6 Provides ifxetex conditional
)
\Gm@cnth=\count102
\Gm@cntv=\count103
\c@Gm@tempcnt=\count104
\Gm@bindingoffset=\dimen114
\Gm@wd@mp=\dimen115
\Gm@odd@mp=\dimen116
\Gm@even@mp=\dimen117
\Gm@layoutwidth=\dimen118
\Gm@layoutheight=\dimen119
\Gm@layouthoffset=\dimen120
\Gm@layoutvoffset=\dimen121
\Gm@dimlist=\toks24

("C:\Program Files\MiKTeX 2.9\tex\latex\geometry\geometry.cfg"))
("C:\Program Files\MiKTeX 2.9\tex\latex\hyperref\hyperref.sty"
Package: hyperref 2017/03/14 v6.85a Hypertext links for LaTeX

("C:\Program Files\MiKTeX 2.9\tex\generic\oberdiek\hobsub-hyperref.sty"
Package: hobsub-hyperref 2016/05/16 v1.14 Bundle oberdiek, subset hyperref (HO)


("C:\Program Files\MiKTeX 2.9\tex\generic\oberdiek\hobsub-generic.sty"
Package: hobsub-generic 2016/05/16 v1.14 Bundle oberdiek, subset generic (HO)
Package: hobsub 2016/05/16 v1.14 Construct package bundles (HO)
Package hobsub Info: Skipping package `infwarerr' (already loaded).
Package hobsub Info: Skipping package `ltxcmds' (already loaded).
Package: ifluatex 2016/05/16 v1.4 Provides the ifluatex switch (HO)
Package ifluatex Info: LuaTeX not detected.
Package hobsub Info: Skipping package `ifvtex' (already loaded).
Package: intcalc 2016/05/16 v1.2 Expandable calculations with integers (HO)
Package hobsub Info: Skipping package `ifpdf' (already loaded).
Package: etexcmds 2016/05/16 v1.6 Avoid name clashes with e-TeX commands (HO)
Package etexcmds Info: Could not find \expanded.
(etexcmds)             That can mean that you are not using pdfTeX 1.50 or
(etexcmds)             that some package has redefined \expanded.
(etexcmds)             In the latter case, load this package earlier.
Package: kvsetkeys 2016/05/16 v1.17 Key value parser (HO)
Package: kvdefinekeys 2016/05/16 v1.4 Define keys (HO)
Package: pdftexcmds 2017/03/19 v0.25 Utility functions of pdfTeX for LuaTeX (HO
)
Package pdftexcmds Info: LuaTeX not detected.
Package pdftexcmds Info: \pdf@primitive is available.
Package pdftexcmds Info: \pdf@ifprimitive is available.
Package pdftexcmds Info: \pdfdraftmode found.
Package: pdfescape 2016/05/16 v1.14 Implements pdfTeX's escape features (HO)
Package: bigintcalc 2016/05/16 v1.4 Expandable calculations on big integers (HO
)
Package: bitset 2016/05/16 v1.2 Handle bit-vector datatype (HO)
Package: uniquecounter 2016/05/16 v1.3 Provide unlimited unique counter (HO)
)
Package hobsub Info: Skipping package `hobsub' (already loaded).
Package: letltxmacro 2016/05/16 v1.5 Let assignment for LaTeX macros (HO)
Package: hopatch 2016/05/16 v1.3 Wrapper for package hooks (HO)
Package: xcolor-patch 2016/05/16 xcolor patch
Package: atveryend 2016/05/16 v1.9 Hooks at the very end of document (HO)
Package atveryend Info: \enddocument detected (standard20110627).
Package: atbegshi 2016/06/09 v1.18 At begin shipout hook (HO)
Package: refcount 2016/05/16 v3.5 Data extraction from label references (HO)
Package: hycolor 2016/05/16 v1.8 Color options for hyperref/bookmark (HO)
)
("C:\Program Files\MiKTeX 2.9\tex\latex\oberdiek\auxhook.sty"
Package: auxhook 2016/05/16 v1.4 Hooks for auxiliary files (HO)
)
("C:\Program Files\MiKTeX 2.9\tex\latex\oberdiek\kvoptions.sty"
Package: kvoptions 2016/05/16 v3.12 Key value format for package options (HO)
)
\@linkdim=\dimen122
\Hy@linkcounter=\count105
\Hy@pagecounter=\count106

("C:\Program Files\MiKTeX 2.9\tex\latex\hyperref\pd1enc.def"
File: pd1enc.def 2017/03/14 v6.85a Hyperref: PDFDocEncoding definition (HO)
)
\Hy@SavedSpaceFactor=\count107

("C:\Program Files\MiKTeX 2.9\tex\latex\00miktex\hyperref.cfg"
File: hyperref.cfg 2002/06/06 v1.2 hyperref configuration of TeXLive
)
Package hyperref Info: Hyper figures OFF on input line 4498.
Package hyperref Info: Link nesting OFF on input line 4503.
Package hyperref Info: Hyper index ON on input line 4506.
Package hyperref Info: Plain pages OFF on input line 4513.
Package hyperref Info: Backreferencing OFF on input line 4518.
Package hyperref Info: Implicit mode ON; LaTeX internals redefined.
Package hyperref Info: Bookmarks ON on input line 4751.
\c@Hy@tempcnt=\count108

("C:\Program Files\MiKTeX 2.9\tex\latex\url\url.sty"
\Urlmuskip=\muskip11
Package: url 2013/09/16  ver 3.4  Verb mode for urls, etc.
)
LaTeX Info: Redefining \url on input line 5104.
\XeTeXLinkMargin=\dimen123
\Fld@menulength=\count109
\Field@Width=\dimen124
\Fld@charsize=\dimen125
Package hyperref Info: Hyper figures OFF on input line 6358.
Package hyperref Info: Link nesting OFF on input line 6363.
Package hyperref Info: Hyper index ON on input line 6366.
Package hyperref Info: backreferencing OFF on input line 6373.
Package hyperref Info: Link coloring OFF on input line 6378.
Package hyperref Info: Link coloring with OCG OFF on input line 6383.
Package hyperref Info: PDF/A mode OFF on input line 6388.
LaTeX Info: Redefining \ref on input line 6428.
LaTeX Info: Redefining \pageref on input line 6432.
\Hy@abspage=\count110
\c@Item=\count111
\c@Hfootnote=\count112
)

Package hyperref Message: Driver (autodetected): hpdftex.

("C:\Program Files\MiKTeX 2.9\tex\latex\hyperref\hpdftex.def"
File: hpdftex.def 2017/03/14 v6.85a Hyperref driver for pdfTeX
\Fld@listcount=\count113
\c@bookmark@seq@number=\count114

("C:\Program Files\MiKTeX 2.9\tex\latex\oberdiek\rerunfilecheck.sty"
Package: rerunfilecheck 2016/05/16 v1.8 Rerun checks for auxiliary files (HO)
Package uniquecounter Info: New unique counter `rerunfilecheck' on input line 2
82.
)
\Hy@SectionHShift=\skip56
)
Package hyperref Info: Option `colorlinks' set `true' on input line 21.

("C:\Program Files\MiKTeX 2.9\tex\latex\apacite\apacite.sty"
Package: apacite 2013/07/21 v6.03 APA citation
\c@BibCnt=\count115
\bibleftmargin=\skip57
\bibindent=\skip58
\bibparsep=\skip59
\bibitemsep=\skip60
\biblabelsep=\skip61
) (gitgroup_srs.aux)
\openout1 = `gitgroup_srs.aux'.

LaTeX Font Info:    Checking defaults for OML/cmm/m/it on input line 31.
LaTeX Font Info:    ... okay on input line 31.
LaTeX Font Info:    Checking defaults for T1/cmr/m/n on input line 31.
LaTeX Font Info:    ... okay on input line 31.
LaTeX Font Info:    Checking defaults for OT1/cmr/m/n on input line 31.
LaTeX Font Info:    ... okay on input line 31.
LaTeX Font Info:    Checking defaults for OMS/cmsy/m/n on input line 31.
LaTeX Font Info:    ... okay on input line 31.
LaTeX Font Info:    Checking defaults for OMX/cmex/m/n on input line 31.
LaTeX Font Info:    ... okay on input line 31.
LaTeX Font Info:    Checking defaults for U/cmr/m/n on input line 31.
LaTeX Font Info:    ... okay on input line 31.
LaTeX Font Info:    Checking defaults for PD1/pdf/m/n on input line 31.
LaTeX Font Info:    ... okay on input line 31.
 ("C:\Program Files\MiKTeX 2.9\tex\context\base\supp-pdf.mkii"
[Loading MPS to PDF converter (version 2006.09.02).]
\scratchcounter=\count116
\scratchdimen=\dimen126
\scratchbox=\box30
\nofMPsegments=\count117
\nofMParguments=\count118
\everyMPshowfont=\toks25
\MPscratchCnt=\count119
\MPscratchDim=\dimen127
\MPnumerator=\count120
\makeMPintoPDFobject=\count121
\everyMPtoPDFconversion=\toks26
) ("C:\Program Files\MiKTeX 2.9\tex\latex\oberdiek\epstopdf-base.sty"
Package: epstopdf-base 2016/05/15 v2.6 Base part for package epstopdf

("C:\Program Files\MiKTeX 2.9\tex\latex\oberdiek\grfext.sty"
Package: grfext 2016/05/16 v1.2 Manage graphics extensions (HO)
)
Package epstopdf-base Info: Redefining graphics rule for `.eps' on input line 4
38.
Package grfext Info: Graphics extension search list:
(grfext)             [.png,.pdf,.jpg,.mps,.jpeg,.jbig2,.jb2,.PNG,.PDF,.JPG,.JPE
G,.JBIG2,.JB2,.eps]
(grfext)             \AppendGraphicsExtensions on input line 456.
)
*geometry* driver: auto-detecting
*geometry* detected driver: pdftex
*geometry* verbose mode - [ preamble ] result:
* driver: pdftex
* paper: a4paper
* layout: <same size as paper>
* layoutoffset:(h,v)=(0.0pt,0.0pt)
* modes: 
* h-part:(L,W,R)=(50.58878pt, 496.33032pt, 50.58878pt)
* v-part:(T,H,B)=(50.58878pt, 743.8693pt, 50.58878pt)
* \paperwidth=597.50787pt
* \paperheight=845.04684pt
* \textwidth=496.33032pt
* \textheight=743.8693pt
* \oddsidemargin=-21.68121pt
* \evensidemargin=-21.68121pt
* \topmargin=-107.03946pt
* \headheight=56.9055pt
* \headsep=28.45274pt
* \topskip=12.0pt
* \footskip=30.0pt
* \marginparwidth=35.0pt
* \marginparsep=10.0pt
* \columnsep=10.0pt
* \skip\footins=10.8pt plus 4.0pt minus 2.0pt
* \hoffset=0.0pt
* \voffset=0.0pt
* \mag=1000
* \@twocolumnfalse
* \@twosidefalse
* \@mparswitchfalse
* \@reversemarginfalse
* (1in=72.27pt=25.4mm, 1cm=28.453pt)

\AtBeginShipoutBox=\box31
("C:\Program Files\MiKTeX 2.9\tex\latex\graphics\color.sty"
Package: color 2016/07/10 v1.1e Standard LaTeX Color (DPC)

("C:\Program Files\MiKTeX 2.9\tex\latex\graphics-cfg\color.cfg"
File: color.cfg 2016/01/02 v1.6 sample color configuration
)
Package color Info: Driver file: pdftex.def on input line 147.
)
Package hyperref Info: Link coloring ON on input line 31.

("C:\Program Files\MiKTeX 2.9\tex\latex\hyperref\nameref.sty"
Package: nameref 2016/05/21 v2.44 Cross-referencing by name of section

("C:\Program Files\MiKTeX 2.9\tex\generic\oberdiek\gettitlestring.sty"
Package: gettitlestring 2016/05/16 v1.5 Cleanup title references (HO)
)
\c@section@level=\count122
)
LaTeX Info: Redefining \ref on input line 31.
LaTeX Info: Redefining \pageref on input line 31.
LaTeX Info: Redefining \nameref on input line 31.

(gitgroup_srs.out) (gitgroup_srs.out)
\@outlinefile=\write3
\openout3 = `gitgroup_srs.out'.

\c@maskedRefs=\count123

("C:\Program Files\MiKTeX 2.9\tex\latex\apacite\english.apc"
File: english.apc 2013/07/21 v6.03 apacite language file
LaTeX Info: Redefining \BPBI on input line 129.
LaTeX Info: Redefining \BHBI on input line 130.
)
LaTeX Font Info:    Try loading font information for U+msa on input line 36.

("C:\Program Files\MiKTeX 2.9\tex\latex\amsfonts\umsa.fd"
File: umsa.fd 2013/01/14 v3.01 AMS symbols A
)
LaTeX Font Info:    Try loading font information for U+msb on input line 36.

("C:\Program Files\MiKTeX 2.9\tex\latex\amsfonts\umsb.fd"
File: umsb.fd 2013/01/14 v3.01 AMS symbols B
)
<./pics/Dog-Icon-letter.png, id=199, 1204.5pt x 1204.5pt>
File: ./pics/Dog-Icon-letter.png Graphic file (type png)

<use ./pics/Dog-Icon-letter.png>
Package pdftex.def Info: ./pics/Dog-Icon-letter.png used on input line 36.
(pdftex.def)             Requested size: 140.99854pt x 140.98659pt.
 [1

{C:/ProgramData/MiKTeX/2.9/pdftex/config/pdftex.map} <./pics/Dog-Icon-letter.pn
g>] (gitgroup_srs.tocpdfTeX warning (ext4): destination with the same identifie
r (name{page.}) has been already used, duplicate ignored
<to be read again> 
                   \relax 
l.40 ...ine {6}System Architecture}{21}{chapter.6}
                                                   [1

])
\tf@toc=\write4
\openout4 = `gitgroup_srs.toc'.

pdfTeX warning (ext4): destination with the same identifier (name{page.}) has b
een already used, duplicate ignored
<to be read again> 
                   \relax 
l.37 \newpage
              [2]
Chapter 1.
<./pics/githubMarket.png, id=267, 949.5475pt x 503.8825pt>
File: ./pics/githubMarket.png Graphic file (type png)

<use ./pics/githubMarket.png>
Package pdftex.def Info: ./pics/githubMarket.png used on input line 67.
(pdftex.def)             Requested size: 397.06577pt x 210.70657pt.
 [1


]
<./pics/gitgrouphomepage.png, id=278, 602.25pt x 324.21124pt>
File: ./pics/gitgrouphomepage.png Graphic file (type png)

<use ./pics/gitgrouphomepage.png>
Package pdftex.def Info: ./pics/gitgrouphomepage.png used on input line 73.
(pdftex.def)             Requested size: 397.06577pt x 213.7624pt.

Underfull \hbox (badness 10000) in paragraph at lines 77--81

 []

[2 <./pics/githubMarket.png> <./pics/gitgrouphomepage.png>] [3]
Chapter 2.
[4

] [5] [6]
Chapter 3.
<./pics/OverviewInterface.png, id=333, 1030.34938pt x 973.13562pt>
File: ./pics/OverviewInterface.png Graphic file (type png)

<use ./pics/OverviewInterface.png>
Package pdftex.def Info: ./pics/OverviewInterface.png used on input line 189.
(pdftex.def)             Requested size: 297.80121pt x 281.25177pt.

<./pics/KanbanInterface.png, id=334, 1030.34938pt x 973.13562pt>
File: ./pics/KanbanInterface.png Graphic file (type png)

<use ./pics/KanbanInterface.png>
Package pdftex.def Info: ./pics/KanbanInterface.png used on input line 198.
(pdftex.def)             Requested size: 297.80121pt x 281.25177pt.

Underfull \hbox (badness 10000) in paragraph at lines 192--200

 []

[7

 <./pics/OverviewInterface.png>]
<./pics/ChartInterface.png, id=340, 1030.34938pt x 973.13562pt>
File: ./pics/ChartInterface.png Graphic file (type png)

<use ./pics/ChartInterface.png>
Package pdftex.def Info: ./pics/ChartInterface.png used on input line 204.
(pdftex.def)             Requested size: 297.80121pt x 281.25177pt.
 [8 <./pics/KanbanInterface.png>] [9 <./pics/ChartInterface.png>] [10]
Chapter 4.

Overfull \hbox (0.32841pt too wide) in paragraph at lines 252--253
[]\OT1/cmr/m/n/12 Developers can man-age their repos-i-to-ries by adding or re-
mov-ing repos-i-to-ries of their projects. 
 []

[11

] [12]
Chapter 5.
<./pics/UseCaseDiagram.png, id=376, 913.91437pt x 745.78625pt>
File: ./pics/UseCaseDiagram.png Graphic file (type png)

<use ./pics/UseCaseDiagram.png>
Package pdftex.def Info: ./pics/UseCaseDiagram.png used on input line 284.
(pdftex.def)             Requested size: 347.4297pt x 283.51552pt.
 [13

 <./pics/UseCaseDiagram.png>] [14]
<./pics/UserTypeStateDiagram.png, id=390, 522.95375pt x 259.97125pt>
File: ./pics/UserTypeStateDiagram.png Graphic file (type png)

<use ./pics/UserTypeStateDiagram.png>
Package pdftex.def Info: ./pics/UserTypeStateDiagram.png used on input line 314
.
(pdftex.def)             Requested size: 347.4297pt x 172.71606pt.

Underfull \hbox (badness 10000) in paragraph at lines 310--316

 []

<./pics/KanBanStateDiagram.png, id=391, 1005.25563pt x 387.94937pt>
File: ./pics/KanBanStateDiagram.png Graphic file (type png)

<use ./pics/KanBanStateDiagram.png>
Package pdftex.def Info: ./pics/KanBanStateDiagram.png used on input line 321.
(pdftex.def)             Requested size: 397.06577pt x 153.23535pt.

<./pics/ActivatyDiagramPARTI.png, id=392, 1465.97687pt x 830.60312pt>
File: ./pics/ActivatyDiagramPARTI.png Graphic file (type png)

<use ./pics/ActivatyDiagramPARTI.png>
Package pdftex.def Info: ./pics/ActivatyDiagramPARTI.png used on input line 328
.
(pdftex.def)             Requested size: 347.4297pt x 196.83937pt.
 [15 <./pics/UserTypeStateDiagram.png> <./pics/KanBanStateDiagram.png>]
<./pics/ActivatyDiagramPARTII.png, id=399, 1529.715pt x 1559.8275pt>
File: ./pics/ActivatyDiagramPARTII.png Graphic file (type png)

<use ./pics/ActivatyDiagramPARTII.png>
Package pdftex.def Info: ./pics/ActivatyDiagramPARTII.png used on input line 33
4.
(pdftex.def)             Requested size: 347.4297pt x 354.2544pt.
 [16 <./pics/ActivatyDiagramPARTI.png> <./pics/ActivatyDiagramPARTII.png>]
<./pics/AuthSequenceDiagram.png, id=407, 1269.24188pt x 1522.18687pt>
File: ./pics/AuthSequenceDiagram.png Graphic file (type png)

<use ./pics/AuthSequenceDiagram.png>
Package pdftex.def Info: ./pics/AuthSequenceDiagram.png used on input line 354.

(pdftex.def)             Requested size: 347.4297pt x 416.66327pt.
 [17]
<./pics/SubSysSequenceDiagram.png, id=412, 774.39313pt x 831.105pt>
File: ./pics/SubSysSequenceDiagram.png Graphic file (type png)

<use ./pics/SubSysSequenceDiagram.png>
Package pdftex.def Info: ./pics/SubSysSequenceDiagram.png used on input line 36
7.
(pdftex.def)             Requested size: 347.4297pt x 372.8778pt.

Underfull \hbox (badness 10000) in paragraph at lines 358--369

 []

[18 <./pics/AuthSequenceDiagram.png>]
<./pics/ClassDiagram.png, id=418, 722.7pt x 1117.67563pt>
File: ./pics/ClassDiagram.png Graphic file (type png)

<use ./pics/ClassDiagram.png>
Package pdftex.def Info: ./pics/ClassDiagram.png used on input line 375.
(pdftex.def)             Requested size: 297.80121pt x 460.55232pt.
 [19 <./pics/SubSysSequenceDiagram.png>] [20 <./pics/ClassDiagram.png>]
Chapter 6.
<./pics/SystemArchitecture.png, id=429, 1240.13312pt x 740.26563pt>
File: ./pics/SystemArchitecture.png Graphic file (type png)

<use ./pics/SystemArchitecture.png>
Package pdftex.def Info: ./pics/SystemArchitecture.png used on input line 390.
(pdftex.def)             Requested size: 446.69426pt x 266.64226pt.

Underfull \hbox (badness 10000) in paragraph at lines 394--397

 []

[21

 <./pics/SystemArchitecture.png>] [22] [23]
Appendix A.
[24


]
*geometry* verbose mode - [ newgeometry ] result:
* driver: pdftex
* paper: a4paper
* layout: <same size as paper>
* layoutoffset:(h,v)=(0.0pt,0.0pt)
* modes: includefoot 
* h-part:(L,W,R)=(28.45274pt, 540.60239pt, 28.45274pt)
* v-part:(T,H,B)=(28.45274pt, 788.14136pt, 28.45274pt)
* \paperwidth=597.50787pt
* \paperheight=845.04684pt
* \textwidth=540.60239pt
* \textheight=758.14136pt
* \oddsidemargin=-43.81725pt
* \evensidemargin=-43.81725pt
* \topmargin=-129.17549pt
* \headheight=56.9055pt
* \headsep=28.45274pt
* \topskip=12.0pt
* \footskip=30.0pt
* \marginparwidth=35.0pt
* \marginparsep=10.0pt
* \columnsep=10.0pt
* \skip\footins=10.8pt plus 4.0pt minus 2.0pt
* \hoffset=0.0pt
* \voffset=0.0pt
* \mag=1000
* \@twocolumnfalse
* \@twosidefalse
* \@mparswitchfalse
* \@reversemarginfalse
* (1in=72.27pt=25.4mm, 1cm=28.453pt)

File: ./pics/OverviewInterface.png Graphic file (type png)
 <use ./pics/OverviewInterface.png>
Package pdftex.def Info: ./pics/OverviewInterface.png used on input line 425.
(pdftex.def)             Requested size: 540.60239pt x 510.59203pt.
File: ./pics/KanbanInterface.png Graphic file (type png)
 <use ./pics/KanbanInterface.png>
Package pdftex.def Info: ./pics/KanbanInterface.png used on input line 431.
(pdftex.def)             Requested size: 540.60239pt x 510.59203pt.


LaTeX Warning: `h' float specifier changed to `ht'.

File: ./pics/ChartInterface.png Graphic file (type png)
<use ./pics/ChartInterface.png>
Package pdftex.def Info: ./pics/ChartInterface.png used on input line 437.
(pdftex.def)             Requested size: 540.60239pt x 510.59203pt.


LaTeX Warning: `h' float specifier changed to `ht'.

File: ./pics/ActivatyDiagramPARTI.png Graphic file (type png)
<use ./pics/ActivatyDiagramPARTI.png>
Package pdftex.def Info: ./pics/ActivatyDiagramPARTI.png used on input line 443
.
(pdftex.def)             Requested size: 732.98665pt x 415.30054pt.


LaTeX Warning: Float too large for page by 1.6786pt on input line 446.


LaTeX Warning: `h' float specifier changed to `ht'.

File: ./pics/ActivatyDiagramPARTII.png Graphic file (type png)
<use ./pics/ActivatyDiagramPARTII.png>
Package pdftex.def Info: ./pics/ActivatyDiagramPARTII.png used on input line 45
0.
(pdftex.def)             Requested size: 540.60239pt x 551.23164pt.


LaTeX Warning: `h' float specifier changed to `ht'.

File: ./pics/AuthSequenceDiagram.png Graphic file (type png)
<use ./pics/AuthSequenceDiagram.png>
Package pdftex.def Info: ./pics/AuthSequenceDiagram.png used on input line 457.

(pdftex.def)             Requested size: 540.60239pt x 648.34932pt.


LaTeX Warning: `h' float specifier changed to `ht'.

File: ./pics/SubSysSequenceDiagram.png Graphic file (type png)
<use ./pics/SubSysSequenceDiagram.png>
Package pdftex.def Info: ./pics/SubSysSequenceDiagram.png used on input line 46
3.
(pdftex.def)             Requested size: 540.60239pt x 580.197pt.


LaTeX Warning: `h' float specifier changed to `ht'.

File: ./pics/ClassDiagram.png Graphic file (type png)
<use ./pics/ClassDiagram.png>
Package pdftex.def Info: ./pics/ClassDiagram.png used on input line 469.
(pdftex.def)             Requested size: 465.7244pt x 720.23196pt.


LaTeX Warning: `h' float specifier changed to `ht'.

[25

] [26] [27] [28] [29] [30] [31] [32] (gitgroup_srs.lof)
\tf@lof=\write5
\openout5 = `gitgroup_srs.lof'.

 [33


]
(gitgroup_srs.lot)
\tf@lot=\write6
\openout6 = `gitgroup_srs.lot'.

 (gitgroup_srs.bbl [34


]

LaTeX Warning: Empty `thebibliography' environment on input line 3.

)
Package atveryend Info: Empty hook `BeforeClearDocument' on input line 487.
 [35

]
Package atveryend Info: Empty hook `AfterLastShipout' on input line 487.
 (gitgroup_srs.aux)
Package atveryend Info: Executing hook `AtVeryEndDocument' on input line 487.
Package atveryend Info: Executing hook `AtEndAfterFileList' on input line 487.
Package rerunfilecheck Info: File `gitgroup_srs.out' has not changed.
(rerunfilecheck)             Checksum: 93DBDCC4DF91EDFB945825ED0CD04438;3115.
Package atveryend Info: Empty hook `AtVeryVeryEnd' on input line 487.
 ) 
Here is how much of TeX's memory you used:
 7428 strings out of 493323
 106196 string characters out of 3139066
 204515 words of memory out of 3000000
 10683 multiletter control sequences out of 15000+200000
 13661 words of font info for 52 fonts, out of 3000000 for 9000
 1141 hyphenation exceptions out of 8191
 28i,12n,43p,1242b,416s stack positions out of 5000i,500n,10000p,200000b,50000s
<C:/Program Files/MiKTeX 2.9/fonts/type1/public/amsfonts/cm/cmbx12.pfb><C:/Pr
ogram Files/MiKTeX 2.9/fonts/type1/public/amsfonts/cm/cmr10.pfb><C:/Program Fil
es/MiKTeX 2.9/fonts/type1/public/amsfonts/cm/cmr12.pfb><C:/Program Files/MiKTeX
 2.9/fonts/type1/public/amsfonts/cm/cmr17.pfb><C:/Program Files/MiKTeX 2.9/font
s/type1/public/amsfonts/cm/cmsl12.pfb>
Output written on gitgroup_srs.pdf (38 pages, 1984823 bytes).
PDF statistics:
 581 PDF objects out of 1000 (max. 8388607)
 161 named destinations out of 1000 (max. 500000)
 468 words of extra memory for PDF output out of 10000 (max. 10000000)

